0 info it worked if it ends with ok
1 verbose cli [ '/usr/local/bin/node',
1 verbose cli   '/usr/local/bin/npm',
1 verbose cli   'install',
1 verbose cli   'azure-cli',
1 verbose cli   '-g' ]
2 info using npm@2.14.9
3 info using node@v0.12.9
4 verbose install initial load of /usr/local/lib/package.json
5 verbose readDependencies loading dependencies from /usr/local/lib/package.json
6 silly cache add args [ 'azure-cli', null ]
7 verbose cache add spec azure-cli
8 silly cache add parsed spec { raw: 'azure-cli',
8 silly cache add   scope: null,
8 silly cache add   name: 'azure-cli',
8 silly cache add   rawSpec: '',
8 silly cache add   spec: '*',
8 silly cache add   type: 'range' }
9 silly addNamed azure-cli@*
10 verbose addNamed "*" is a valid semver range for azure-cli
11 silly addNameRange { name: 'azure-cli', range: '*', hasData: false }
12 silly mapToRegistry name azure-cli
13 silly mapToRegistry using default registry
14 silly mapToRegistry registry https://registry.npmjs.org/
15 silly mapToRegistry uri https://registry.npmjs.org/azure-cli
16 verbose addNameRange registry:https://registry.npmjs.org/azure-cli not in flight; fetching
17 verbose request uri https://registry.npmjs.org/azure-cli
18 verbose request no auth needed
19 info attempt registry request try #1 at 3:26:52 AM
20 verbose request id ca6fdd84fd8dbccd
21 http request GET https://registry.npmjs.org/azure-cli
22 http 200 https://registry.npmjs.org/azure-cli
23 verbose headers { server: 'nginx/1.10.1',
23 verbose headers   'content-type': 'application/json',
23 verbose headers   'last-modified': 'Wed, 02 Nov 2016 20:02:25 GMT',
23 verbose headers   etag: 'W/"581a4651-3776b"',
23 verbose headers   'content-encoding': 'gzip',
23 verbose headers   'cache-control': 'max-age=300',
23 verbose headers   'content-length': '15342',
23 verbose headers   'accept-ranges': 'bytes',
23 verbose headers   date: 'Tue, 29 Nov 2016 03:26:52 GMT',
23 verbose headers   via: '1.1 varnish',
23 verbose headers   age: '112',
23 verbose headers   connection: 'keep-alive',
23 verbose headers   'x-served-by': 'cache-iad2125-IAD',
23 verbose headers   'x-cache': 'HIT',
23 verbose headers   'x-cache-hits': '1',
23 verbose headers   'x-timer': 'S1480390012.297678,VS0,VE0',
23 verbose headers   vary: 'Accept-Encoding' }
24 silly get cb [ 200,
24 silly get   { server: 'nginx/1.10.1',
24 silly get     'content-type': 'application/json',
24 silly get     'last-modified': 'Wed, 02 Nov 2016 20:02:25 GMT',
24 silly get     etag: 'W/"581a4651-3776b"',
24 silly get     'content-encoding': 'gzip',
24 silly get     'cache-control': 'max-age=300',
24 silly get     'content-length': '15342',
24 silly get     'accept-ranges': 'bytes',
24 silly get     date: 'Tue, 29 Nov 2016 03:26:52 GMT',
24 silly get     via: '1.1 varnish',
24 silly get     age: '112',
24 silly get     connection: 'keep-alive',
24 silly get     'x-served-by': 'cache-iad2125-IAD',
24 silly get     'x-cache': 'HIT',
24 silly get     'x-cache-hits': '1',
24 silly get     'x-timer': 'S1480390012.297678,VS0,VE0',
24 silly get     vary: 'Accept-Encoding' } ]
25 verbose get saving azure-cli to /home/cts567705/.npm/registry.npmjs.org/azure-cli/.cache.json
26 silly addNameRange number 2 { name: 'azure-cli', range: '*', hasData: true }
27 silly addNameRange versions [ 'azure-cli',
27 silly addNameRange   [ '0.6.8',
27 silly addNameRange     '0.6.9',
27 silly addNameRange     '0.6.10',
27 silly addNameRange     '0.6.11',
27 silly addNameRange     '0.6.14',
27 silly addNameRange     '0.6.15',
27 silly addNameRange     '0.6.16',
27 silly addNameRange     '0.6.17',
27 silly addNameRange     '0.6.18',
27 silly addNameRange     '0.7.0',
27 silly addNameRange     '0.7.1',
27 silly addNameRange     '0.7.2',
27 silly addNameRange     '0.7.3',
27 silly addNameRange     '0.7.4',
27 silly addNameRange     '0.7.5',
27 silly addNameRange     '0.8.0',
27 silly addNameRange     '0.8.1',
27 silly addNameRange     '0.8.2',
27 silly addNameRange     '0.8.3',
27 silly addNameRange     '0.8.4',
27 silly addNameRange     '0.8.5',
27 silly addNameRange     '0.8.6',
27 silly addNameRange     '0.8.7',
27 silly addNameRange     '0.8.8',
27 silly addNameRange     '0.8.9',
27 silly addNameRange     '0.8.10',
27 silly addNameRange     '0.8.11',
27 silly addNameRange     '0.8.12',
27 silly addNameRange     '0.8.13',
27 silly addNameRange     '0.8.14',
27 silly addNameRange     '0.8.15',
27 silly addNameRange     '0.8.16',
27 silly addNameRange     '0.8.17',
27 silly addNameRange     '0.9.1',
27 silly addNameRange     '0.9.2',
27 silly addNameRange     '0.9.3',
27 silly addNameRange     '0.9.4',
27 silly addNameRange     '0.9.5',
27 silly addNameRange     '0.9.6',
27 silly addNameRange     '0.9.7',
27 silly addNameRange     '0.9.8',
27 silly addNameRange     '0.9.9',
27 silly addNameRange     '0.9.10',
27 silly addNameRange     '0.9.11',
27 silly addNameRange     '0.9.12',
27 silly addNameRange     '0.9.13',
27 silly addNameRange     '0.9.14',
27 silly addNameRange     '0.9.15',
27 silly addNameRange     '0.9.16',
27 silly addNameRange     '0.9.17',
27 silly addNameRange     '0.9.18',
27 silly addNameRange     '0.9.19',
27 silly addNameRange     '0.9.20',
27 silly addNameRange     '0.10.0',
27 silly addNameRange     '0.10.1',
27 silly addNameRange     '0.10.2',
27 silly addNameRange     '0.10.3',
27 silly addNameRange     '0.10.4',
27 silly addNameRange     '0.10.5',
27 silly addNameRange     '0.10.6',
27 silly addNameRange     '0.10.7' ] ]
28 silly addNamed azure-cli@0.10.7
29 verbose addNamed "0.10.7" is a plain semver version for azure-cli
30 silly mapToRegistry name azure-cli
31 silly mapToRegistry using default registry
32 silly mapToRegistry registry https://registry.npmjs.org/
33 silly mapToRegistry uri https://registry.npmjs.org/azure-cli
34 verbose addRemoteTarball https://registry.npmjs.org/azure-cli/-/azure-cli-0.10.7.tgz not in flight; adding
35 verbose addRemoteTarball [ 'https://registry.npmjs.org/azure-cli/-/azure-cli-0.10.7.tgz',
35 verbose addRemoteTarball   '48e59f6be202122c0d71153efab4f924065da586' ]
36 info retry fetch attempt 1 at 3:26:52 AM
37 info attempt registry request try #1 at 3:26:52 AM
38 http fetch GET https://registry.npmjs.org/azure-cli/-/azure-cli-0.10.7.tgz
39 http fetch 200 https://registry.npmjs.org/azure-cli/-/azure-cli-0.10.7.tgz
40 silly fetchAndShaCheck shasum 48e59f6be202122c0d71153efab4f924065da586
41 verbose addTmpTarball /tmp/npm-18348-d2eefd45/registry.npmjs.org/azure-cli/-/azure-cli-0.10.7.tgz not in flight; adding
42 verbose addTmpTarball already have metadata; skipping unpack for azure-cli@0.10.7
43 silly cache afterAdd azure-cli@0.10.7
44 verbose afterAdd /home/cts567705/.npm/azure-cli/0.10.7/package/package.json not in flight; writing
45 verbose afterAdd /home/cts567705/.npm/azure-cli/0.10.7/package/package.json written
46 silly install resolved [ { name: 'azure-cli',
46 silly install resolved     author: { name: 'Microsoft Corporation' },
46 silly install resolved     contributors:
46 silly install resolved      [ [Object],
46 silly install resolved        [Object],
46 silly install resolved        [Object],
46 silly install resolved        [Object],
46 silly install resolved        [Object],
46 silly install resolved        [Object],
46 silly install resolved        [Object],
46 silly install resolved        [Object],
46 silly install resolved        [Object],
46 silly install resolved        [Object] ],
46 silly install resolved     version: '0.10.7',
46 silly install resolved     description: 'Microsoft Azure Cross Platform Command Line tool',
46 silly install resolved     tags: [ 'azure', 'cli' ],
46 silly install resolved     keywords: [ 'node', 'azure', 'cli', 'cloud hosting', 'deployment' ],
46 silly install resolved     main: './lib/cli.js',
46 silly install resolved     preferGlobal: 'true',
46 silly install resolved     engines: { node: '>= 4.2.4' },
46 silly install resolved     license: 'Apache-2.0',
46 silly install resolved     dependencies:
46 silly install resolved      { 'adal-node': '0.1.21',
46 silly install resolved        async: '1.4.2',
46 silly install resolved        'azure-common': '0.9.18',
46 silly install resolved        'azure-arm-authorization': '2.0.0',
46 silly install resolved        'azure-arm-cdn': '0.2.1',
46 silly install resolved        'azure-arm-commerce': '0.2.0',
46 silly install resolved        'azure-arm-compute': '0.19.0',
46 silly install resolved        'azure-arm-hdinsight': '0.2.2',
46 silly install resolved        'azure-arm-hdinsight-jobs': '0.1.0',
46 silly install resolved        'azure-arm-insights': '0.11.3',
46 silly install resolved        'azure-arm-iothub': '0.1.4',
46 silly install resolved        'azure-arm-servermanagement': '0.1.2',
46 silly install resolved        'azure-arm-network': '0.17.0',
46 silly install resolved        'azure-arm-powerbiembedded': '0.1.0',
46 silly install resolved        'azure-arm-trafficmanager': '0.10.5',
46 silly install resolved        'azure-arm-dns': '0.11.1',
46 silly install resolved        'azure-arm-website': '0.11.4',
46 silly install resolved        'azure-arm-rediscache': '0.2.1',
46 silly install resolved        'azure-arm-datalake-analytics': '^0.4.2',
46 silly install resolved        'azure-arm-datalake-store': '^0.4.1',
46 silly install resolved        'azure-arm-devtestlabs': '0.1.0',
46 silly install resolved        'azure-graph': '1.1.1',
46 silly install resolved        'azure-gallery': '2.0.0-pre.18',
46 silly install resolved        'azure-keyvault': '0.11.0',
46 silly install resolved        'azure-asm-compute': '0.17.0',
46 silly install resolved        'azure-asm-hdinsight': '0.10.2',
46 silly install resolved        'azure-asm-trafficmanager': '0.10.3',
46 silly install resolved        'azure-asm-mgmt': '0.10.1',
46 silly install resolved        'azure-monitoring': '0.10.2',
46 silly install resolved        'azure-asm-network': '0.13.0',
46 silly install resolved        'azure-arm-resource': '1.4.5-preview',
46 silly install resolved        'azure-arm-storage': '0.13.1-preview',
46 silly install resolved        'azure-asm-sb': '0.10.1',
46 silly install resolved        'azure-asm-sql': '0.10.1',
46 silly install resolved        'azure-asm-storage': '0.12.0',
46 silly install resolved        'azure-asm-subscription': '0.10.1',
46 silly install resolved        'azure-asm-website': '0.10.4',
46 silly install resolved        'azure-storage': '1.3.0',
46 silly install resolved        'azure-arm-batch': '0.3.0',
46 silly install resolved        'azure-batch': '0.5.2',
46 silly install resolved        'azure-servicefabric': '0.1.4',
46 silly install resolved        applicationinsights: '0.15.12',
46 silly install resolved        'caller-id': '0.1.x',
46 silly install resolved        colors: '1.1.2',
46 silly install resolved        commander: '1.0.4',
46 silly install resolved        'easy-table': '0.0.1',
46 silly install resolved        'event-stream': '3.1.5',
46 silly install resolved        eyes: '0.x.x',
46 silly install resolved        github: '0.1.6',
46 silly install resolved        'fast-json-patch': '0.5.6',
46 silly install resolved        js2xmlparser: '1.0.0',
46 silly install resolved        jsonlint: '1.6.2',
46 silly install resolved        jsonminify: '^0.4.1',
46 silly install resolved        jsrsasign: '4.8.2 ',
46 silly install resolved        kuduscript: '1.0.9',
46 silly install resolved        moment: '^2.8.0',
46 silly install resolved        'ms-rest': '^1.12.0',
46 silly install resolved        'ms-rest-azure': '^1.12.0',
46 silly install resolved        'node-forge': '0.6.23',
46 silly install resolved        'node-uuid': '1.2.0',
46 silly install resolved        omelette: '0.1.0',
46 silly install resolved        'openssl-wrapper': '0.2.1',
46 silly install resolved        progress: '^1.1.8',
46 silly install resolved        prompt: '0.2.14',
46 silly install resolved        'readable-stream': '~1.0.0',
46 silly install resolved        request: '2.74.0',
46 silly install resolved        'ssh-key-to-pem': '0.11.0',
46 silly install resolved        streamline: '0.10.17',
46 silly install resolved        'streamline-streams': '0.1.5',
46 silly install resolved        'sync-request': '3.0.0',
46 silly install resolved        through: '2.3.4',
46 silly install resolved        tunnel: '0.0.2',
46 silly install resolved        underscore: '1.4.x',
46 silly install resolved        'user-home': '^2.0.0',
46 silly install resolved        validator: '5.2.0',
46 silly install resolved        winston: '2.1.1',
46 silly install resolved        wordwrap: '0.0.2',
46 silly install resolved        xml2js: '0.1.x',
46 silly install resolved        xmlbuilder: '0.4.x',
46 silly install resolved        read: '^1.0.7' },
46 silly install resolved     devDependencies:
46 silly install resolved      { istanbul: '0.3.19',
46 silly install resolved        mocha: '1.16.0',
46 silly install resolved        jshint: '<= 2.6.0',
46 silly install resolved        sinon: '*',
46 silly install resolved        should: '3.3.2',
46 silly install resolved        'winston-memory': '*',
46 silly install resolved        nock: '0.16' },
46 silly install resolved     homepage: 'https://github.com/Azure/azure-xplat-cli',
46 silly install resolved     repository:
46 silly install resolved      { type: 'git',
46 silly install resolved        url: 'git+ssh://git@github.com/Azure/azure-xplat-cli.git' },
46 silly install resolved     bugs: { url: 'https://github.com/Azure/azure-xplat-cli/issues' },
46 silly install resolved     scripts:
46 silly install resolved      { test: 'npm -s run-script jshint && npm -s run-script unit-arm && npm -s run-script unit',
46 silly install resolved        unit: 'node scripts/unit.js testlist.txt',
46 silly install resolved        'unit-arm': 'node scripts/unit.js testlist-arm.txt',
46 silly install resolved        'unit-vm': 'node scripts/unit.js testlist-vm.txt',
46 silly install resolved        'unit-vm-live': 'node scripts/unit.js testlist-vm-live.txt',
46 silly install resolved        'unit-arm-vm': 'node scripts/unit.js testlist-arm-vm.txt',
46 silly install resolved        'unit-arm-vm-live': 'node scripts/unit.js testlist-arm-vm-live.txt',
46 silly install resolved        'unit-arm-vm-ping': 'node scripts/unit.js testlist-arm-vm-ping.txt',
46 silly install resolved        'unit-arm-vm-extension-live': 'node scripts/unit.js testlist-arm-vm-extension-live.txt',
46 silly install resolved        'unit-arm-vmss': 'node scripts/unit.js testlist-arm-vmss.txt',
46 silly install resolved        'unit-arm-container': 'node scripts/unit.js testlist-arm-container.txt',
46 silly install resolved        'unit-arm-keyvault-live': 'node scripts/unit.js testlist-arm-keyvault-live.txt',
46 silly install resolved        jshint: 'jshint lib --jslint-reporter --extra-ext ._js',
46 silly install resolved        preci: 'jshint lib --reporter=checkstyle --extra-ext ._js > checkstyle-result.xml',
46 silly install resolved        ci: 'node scripts/unit.js testlist.txt -xunit',
46 silly install resolved        cover: 'istanbul cover ./node_modules/mocha/bin/_mocha -- test/util/profile test/util/authentication -R spec -t 5000',
46 silly install resolved        'extract-labels': 'node scripts/extract-labels' },
46 silly install resolved     bin: { azure: './bin/azure' },
46 silly install resolved     gitHead: 'eb83ebb443a7397a854779c5ce1c2638d4d077d7',
46 silly install resolved     _id: 'azure-cli@0.10.7',
46 silly install resolved     _shasum: '48e59f6be202122c0d71153efab4f924065da586',
46 silly install resolved     _from: 'azure-cli@*',
46 silly install resolved     _npmVersion: '2.14.12',
46 silly install resolved     _nodeVersion: '4.2.4',
46 silly install resolved     _npmUser: { name: 'windowsazure', email: 'azuresdk@outlook.com' },
46 silly install resolved     dist:
46 silly install resolved      { shasum: '48e59f6be202122c0d71153efab4f924065da586',
46 silly install resolved        tarball: 'https://registry.npmjs.org/azure-cli/-/azure-cli-0.10.7.tgz' },
46 silly install resolved     maintainers: [ [Object] ],
46 silly install resolved     _npmOperationalInternal:
46 silly install resolved      { host: 'packages-12-west.internal.npmjs.com',
46 silly install resolved        tmp: 'tmp/azure-cli-0.10.7.tgz_1478116945052_0.3924031280912459' },
46 silly install resolved     directories: {},
46 silly install resolved     _resolved: 'https://registry.npmjs.org/azure-cli/-/azure-cli-0.10.7.tgz' } ]
47 info install azure-cli@0.10.7 into /usr/local/lib
48 info installOne azure-cli@0.10.7
49 verbose installOne of azure-cli to /usr/local/lib not in flight; installing
50 verbose lock using /home/cts567705/.npm/_locks/azure-cli-1146293a004c56d1.lock for /usr/local/lib/node_modules/azure-cli
51 warn engine azure-cli@0.10.7: wanted: {"node":">= 4.2.4"} (current: {"node":"0.12.9","npm":"2.14.9"})
52 silly install write writing azure-cli 0.10.7 to /usr/local/lib/node_modules/azure-cli
53 verbose unbuild lib/node_modules/azure-cli
54 silly gentlyRm /usr/local/lib/node_modules/azure-cli is being purged from base /usr/local
55 verbose gentlyRm don't care about contents; nuking /usr/local/lib/node_modules/azure-cli
56 verbose tar unpack /home/cts567705/.npm/azure-cli/0.10.7/package.tgz
57 verbose tar unpacking to /usr/local/lib/node_modules/azure-cli
58 silly gentlyRm /usr/local/lib/node_modules/azure-cli is being purged
59 verbose gentlyRm don't care about contents; nuking /usr/local/lib/node_modules/azure-cli
60 silly gunzTarPerm modes [ '775', '664' ]
61 error tar.unpack untar error /home/cts567705/.npm/azure-cli/0.10.7/package.tgz
62 verbose unlock done using /home/cts567705/.npm/_locks/azure-cli-1146293a004c56d1.lock for /usr/local/lib/node_modules/azure-cli
63 verbose fstream_path /usr/local/lib/node_modules/azure-cli
64 verbose fstream_type Directory
65 verbose fstream_class DirWriter
66 verbose stack Error: EACCES, mkdir '/usr/local/lib/node_modules/azure-cli'
66 verbose stack     at Error (native)
67 verbose fstream_stack /usr/local/lib/node_modules/npm/node_modules/fstream/lib/dir-writer.js:35:25
67 verbose fstream_stack /usr/local/lib/node_modules/npm/node_modules/mkdirp/index.js:47:53
67 verbose fstream_stack FSReqWrap.oncomplete (fs.js:95:15)
68 verbose cwd /home/cts567705/chatbot
69 error Linux 3.10.0-229.14.1.el7.x86_64
70 error argv "/usr/local/bin/node" "/usr/local/bin/npm" "install" "azure-cli" "-g"
71 error node v0.12.9
72 error npm  v2.14.9
73 error path /usr/local/lib/node_modules/azure-cli
74 error code EACCES
75 error errno -13
76 error Error: EACCES, mkdir '/usr/local/lib/node_modules/azure-cli'
76 error     at Error (native)
76 error  { [Error: EACCES, mkdir '/usr/local/lib/node_modules/azure-cli']
76 error   errno: -13,
76 error   code: 'EACCES',
76 error   path: '/usr/local/lib/node_modules/azure-cli',
76 error   fstream_type: 'Directory',
76 error   fstream_path: '/usr/local/lib/node_modules/azure-cli',
76 error   fstream_class: 'DirWriter',
76 error   fstream_stack:
76 error    [ '/usr/local/lib/node_modules/npm/node_modules/fstream/lib/dir-writer.js:35:25',
76 error      '/usr/local/lib/node_modules/npm/node_modules/mkdirp/index.js:47:53',
76 error      'FSReqWrap.oncomplete (fs.js:95:15)' ] }
77 error Please try running this command again as root/Administrator.
78 verbose exit [ -13, true ]
79 verbose unbuild lib/node_modules/azure-cli
80 silly gentlyRm /usr/local/lib/node_modules/azure-cli is being purged from base /usr/local
81 verbose gentlyRm don't care about contents; nuking /usr/local/lib/node_modules/azure-cli
